{"numTotalTestSuites":10,"numPassedTestSuites":10,"numFailedTestSuites":0,"numPendingTestSuites":0,"numTotalTests":46,"numPassedTests":46,"numFailedTests":0,"numPendingTests":0,"numTodoTests":0,"snapshot":{"added":0,"failure":false,"filesAdded":0,"filesRemoved":0,"filesRemovedList":[],"filesUnmatched":0,"filesUpdated":0,"matched":0,"total":0,"unchecked":0,"uncheckedKeysByFile":[],"unmatched":0,"updated":0,"didUpdate":false},"startTime":1782132168309,"success":true,"testResults":[{"assertionResults":[{"ancestorTitles":["FloorplanContext"],"fullName":"FloorplanContext throws when useFloorplan is used without a provider","status":"passed","title":"throws when useFloorplan is used without a provider","duration":13.930599999999913,"failureMessages":[],"meta":{},"tags":[]},{"ancestorTitles":["FloorplanContext"],"fullName":"FloorplanContext exposes default state values","status":"passed","title":"exposes default state values","duration":4.288200000000188,"failureMessages":[],"meta":{},"tags":[]},{"ancestorTitles":["FloorplanContext"],"fullName":"FloorplanContext registerCanvasApi pushes initial draw settings into the api and clears context menu on null","status":"passed","title":"registerCanvasApi pushes initial draw settings into the api and clears context menu on null","duration":3.3694000000000415,"failureMessages":[],"meta":{},"tags":[]},{"ancestorTitles":["FloorplanContext"],"fullName":"FloorplanContext performOperation dispatches each operation to the api","status":"passed","title":"performOperation dispatches each operation to the api","duration":1.9897000000000844,"failureMessages":[],"meta":{},"tags":[]},{"ancestorTitles":["FloorplanContext"],"fullName":"FloorplanContext performOperation is a no-op when no api is registered","status":"passed","title":"performOperation is a no-op when no api is registered","duration":1.2971000000000004,"failureMessages":[],"meta":{},"tags":[]},{"ancestorTitles":["FloorplanContext"],"fullName":"FloorplanContext undo guards prevent calling api when only a single state remains","status":"passed","title":"undo guards prevent calling api when only a single state remains","duration":1.8420000000000982,"failureMessages":[],"meta":{},"tags":[]},{"ancestorTitles":["FloorplanContext"],"fullName":"FloorplanContext redo guards prevent calling api when there are no redo states","status":"passed","title":"redo guards prevent calling api when there are no redo states","duration":0.8889999999998963,"failureMessages":[],"meta":{},"tags":[]},{"ancestorTitles":["FloorplanContext"],"fullName":"FloorplanContext undo/redo call through to the api once multiple states exist","status":"passed","title":"undo/redo call through to the api once multiple states exist","duration":1.0976999999998043,"failureMessages":[],"meta":{},"tags":[]},{"ancestorTitles":["FloorplanContext"],"fullName":"FloorplanContext pushState writes to room-edit stacks while in room edit mode","status":"passed","title":"pushState writes to room-edit stacks while in room edit mode","duration":1.376700000000028,"failureMessages":[],"meta":{},"tags":[]},{"ancestorTitles":["FloorplanContext"],"fullName":"FloorplanContext pushState writes to the normal stacks when not in room edit","status":"passed","title":"pushState writes to the normal stacks when not in room edit","duration":0.9329000000000178,"failureMessages":[],"meta":{},"tags":[]},{"ancestorTitles":["FloorplanContext"],"fullName":"FloorplanContext zoomIn/zoomOut clamp within 20-150 and delegate to api.setZoom","status":"passed","title":"zoomIn/zoomOut clamp within 20-150 and delegate to api.setZoom","duration":1.850500000000011,"failureMessages":[],"meta":{},"tags":[]},{"ancestorTitles":["FloorplanContext"],"fullName":"FloorplanContext setZoom updates state and delegates to the api","status":"passed","title":"setZoom updates state and delegates to the api","duration":2.362100000000055,"failureMessages":[],"meta":{},"tags":[]},{"ancestorTitles":["FloorplanContext"],"fullName":"FloorplanContext toggleGrid flips gridEnabled and schedules api.setGridVisible","status":"passed","title":"toggleGrid flips gridEnabled and schedules api.setGridVisible","duration":2.299099999999953,"failureMessages":[],"meta":{},"tags":[]},{"ancestorTitles":["FloorplanContext"],"fullName":"FloorplanContext setGridEnabled updates state and schedules the api call","status":"passed","title":"setGridEnabled updates state and schedules the api call","duration":1.1165999999998348,"failureMessages":[],"meta":{},"tags":[]},{"ancestorTitles":["FloorplanContext"],"fullName":"FloorplanContext setDrawTool/setDrawColor/setDrawFillColor update state and delegate to api","status":"passed","title":"setDrawTool/setDrawColor/setDrawFillColor update state and delegate to api","duration":1.3938000000000557,"failureMessages":[],"meta":{},"tags":[]},{"ancestorTitles":["FloorplanContext"],"fullName":"FloorplanContext insertObject, exportDraft, exportSvg, exportPngBlob delegate to the api","status":"passed","title":"insertObject, exportDraft, exportSvg, exportPngBlob delegate to the api","duration":2.0341000000000804,"failureMessages":[],"meta":{},"tags":[]},{"ancestorTitles":["FloorplanContext"],"fullName":"FloorplanContext importDraft resets selection/edit state and seeds states","status":"passed","title":"importDraft resets selection/edit state and seeds states","duration":1.7536999999999807,"failureMessages":[],"meta":{},"tags":[]},{"ancestorTitles":["FloorplanContext"],"fullName":"FloorplanContext importDraft is a no-op without a registered api","status":"passed","title":"importDraft is a no-op without a registered api","duration":0.907799999999952,"failureMessages":[],"meta":{},"tags":[]},{"ancestorTitles":["FloorplanContext"],"fullName":"FloorplanContext editRoom/endEditRoom toggle room edit and delegate to api","status":"passed","title":"editRoom/endEditRoom toggle room edit and delegate to api","duration":1.070600000000013,"failureMessages":[],"meta":{},"tags":[]},{"ancestorTitles":["FloorplanContext"],"fullName":"FloorplanContext refitCanvas asks the api for fit + recalc and updates zoom","status":"passed","title":"refitCanvas asks the api for fit + recalc and updates zoom","duration":0.943599999999833,"failureMessages":[],"meta":{},"tags":[]},{"ancestorTitles":["FloorplanContext"],"fullName":"FloorplanContext refitCanvas is a no-op without an api","status":"passed","title":"refitCanvas is a no-op without an api","duration":0.6193000000000666,"failureMessages":[],"meta":{},"tags":[]},{"ancestorTitles":["FloorplanContext"],"fullName":"FloorplanContext setLayerVisibility delegates to the api","status":"passed","title":"setLayerVisibility delegates to the api","duration":0.8010000000001583,"failureMessages":[],"meta":{},"tags":[]},{"ancestorTitles":["FloorplanContext"],"fullName":"FloorplanContext clone/copy/paste/deleteSelection delegate via performOperation","status":"passed","title":"clone/copy/paste/deleteSelection delegate via performOperation","duration":1.0098999999997886,"failureMessages":[],"meta":{},"tags":[]},{"ancestorTitles":["FloorplanContext"],"fullName":"FloorplanContext rotate/group/ungroup/placeInCenter/arrange delegate via performOperation","status":"passed","title":"rotate/group/ungroup/placeInCenter/arrange delegate via performOperation","duration":1.02800000000002,"failureMessages":[],"meta":{},"tags":[]},{"ancestorTitles":["FloorplanContext"],"fullName":"FloorplanContext closeContextMenu clears the context menu","status":"passed","title":"closeContextMenu clears the context menu","duration":0.8381000000001677,"failureMessages":[],"meta":{},"tags":[]},{"ancestorTitles":["FloorplanContext"],"fullName":"FloorplanContext clone copies and schedules a paste","status":"passed","title":"clone copies and schedules a paste","duration":1.1096999999999753,"failureMessages":[],"meta":{},"tags":[]},{"ancestorTitles":["FloorplanContext"],"fullName":"FloorplanContext renders children via the provider","status":"passed","title":"renders children via the provider","duration":4.464100000000144,"failureMessages":[],"meta":{},"tags":[]}],"startTime":1782132169816,"endTime":1782132169873.464,"status":"passed","message":"","name":"E:/16062026/tests/integration/planner-canvas-fabric-FloorplanContext.test.tsx"},{"assertionResults":[{"ancestorTitles":["canvasBounds"],"fullName":"canvasBounds derives limits from config/planner-canvas.json","status":"passed","title":"derives limits from config/planner-canvas.json","duration":1.6260999999999513,"failureMessages":[],"meta":{},"tags":[]},{"ancestorTitles":["canvasBounds"],"fullName":"canvasBounds clamps points to the canvas extent","status":"passed","title":"clamps points to the canvas extent","duration":0.8944000000001324,"failureMessages":[],"meta":{},"tags":[]},{"ancestorTitles":["canvasBounds"],"fullName":"canvasBounds clamps rects inside the canvas","status":"passed","title":"clamps rects inside the canvas","duration":0.27500000000009095,"failureMessages":[],"meta":{},"tags":[]},{"ancestorTitles":["canvasBounds"],"fullName":"canvasBounds caps millimeters with configured minimum floor","status":"passed","title":"caps millimeters with configured minimum floor","duration":0.22769999999991342,"failureMessages":[],"meta":{},"tags":[]}],"startTime":1782132169798,"endTime":1782132169801.2278,"status":"passed","message":"","name":"E:/16062026/tests/unit/planner-canvas-bounds.test.ts"},{"assertionResults":[{"ancestorTitles":["fabricSceneUtils","parseFabricObjects"],"fullName":"fabricSceneUtils parseFabricObjects returns empty array for null or empty input","status":"passed","title":"returns empty array for null or empty input","duration":2.3548000000000684,"failureMessages":[],"meta":{},"tags":[]},{"ancestorTitles":["fabricSceneUtils","parseFabricObjects"],"fullName":"fabricSceneUtils parseFabricObjects returns empty array for invalid JSON","status":"passed","title":"returns empty array for invalid JSON","duration":0.9147000000000389,"failureMessages":[],"meta":{},"tags":[]},{"ancestorTitles":["fabricSceneUtils","parseFabricObjects"],"fullName":"fabricSceneUtils parseFabricObjects extracts the objects array and filters non-objects","status":"passed","title":"extracts the objects array and filters non-objects","duration":0.3563000000001466,"failureMessages":[],"meta":{},"tags":[]},{"ancestorTitles":["fabricSceneUtils","parseFabricObjects"],"fullName":"fabricSceneUtils parseFabricObjects returns empty array when objects is missing","status":"passed","title":"returns empty array when objects is missing","duration":0.15889999999990323,"failureMessages":[],"meta":{},"tags":[]},{"ancestorTitles":["fabricSceneUtils","resolveRoomMmFromFabricObjects"],"fullName":"fabricSceneUtils resolveRoomMmFromFabricObjects returns fallback when fewer than two corners","status":"passed","title":"returns fallback when fewer than two corners","duration":0.404700000000048,"failureMessages":[],"meta":{},"tags":[]},{"ancestorTitles":["fabricSceneUtils","resolveRoomMmFromFabricObjects"],"fullName":"fabricSceneUtils resolveRoomMmFromFabricObjects computes room mm from corner bounds (fabric units * 10)","status":"passed","title":"computes room mm from corner bounds (fabric units * 10)","duration":0.15470000000004802,"failureMessages":[],"meta":{},"tags":[]},{"ancestorTitles":["fabricSceneUtils","resolveRoomMmFromFabricObjects"],"fullName":"fabricSceneUtils resolveRoomMmFromFabricObjects enforces a configured minimum for each dimension","status":"passed","title":"enforces a configured minimum for each dimension","duration":0.13990000000012515,"failureMessages":[],"meta":{},"tags":[]},{"ancestorTitles":["fabricSceneUtils","resolveRoomMmFromFabricObjects"],"fullName":"fabricSceneUtils resolveRoomMmFromFabricObjects caps room dimensions at the configured canvas maximum","status":"passed","title":"caps room dimensions at the configured canvas maximum","duration":0.1569000000001779,"failureMessages":[],"meta":{},"tags":[]},{"ancestorTitles":["fabricSceneUtils","resolveRoomMmFromFabricObjects"],"fullName":"fabricSceneUtils resolveRoomMmFromFabricObjects includes wall objects when computing bounds","status":"passed","title":"includes wall objects when computing bounds","duration":0.20690000000013242,"failureMessages":[],"meta":{},"tags":[]},{"ancestorTitles":["fabricSceneUtils","resolveRoomMmFromFabricObjects"],"fullName":"fabricSceneUtils resolveRoomMmFromFabricObjects respects a custom fallback","status":"passed","title":"respects a custom fallback","duration":0.3584000000000742,"failureMessages":[],"meta":{},"tags":[]},{"ancestorTitles":["fabricSceneUtils","resolveRoomMmFromFabricSnapshot"],"fullName":"fabricSceneUtils resolveRoomMmFromFabricSnapshot combines parse + resolve","status":"passed","title":"combines parse + resolve","duration":0.32349999999996726,"failureMessages":[],"meta":{},"tags":[]},{"ancestorTitles":["fabricSceneUtils","resolveRoomMmFromFabricSnapshot"],"fullName":"fabricSceneUtils resolveRoomMmFromFabricSnapshot returns fallback for null input","status":"passed","title":"returns fallback for null input","duration":0.17489999999997963,"failureMessages":[],"meta":{},"tags":[]},{"ancestorTitles":["fabricSceneUtils","fabricObjectCategory"],"fullName":"fabricSceneUtils fabricObjectCategory classifies structure names","status":"passed","title":"classifies structure names","duration":0.4498000000000957,"failureMessages":[],"meta":{},"tags":[]},{"ancestorTitles":["fabricSceneUtils","fabricObjectCategory"],"fullName":"fabricSceneUtils fabricObjectCategory classifies measurements and zones","status":"passed","title":"classifies measurements and zones","duration":0.268100000000004,"failureMessages":[],"meta":{},"tags":[]},{"ancestorTitles":["fabricSceneUtils","fabricObjectCategory"],"fullName":"fabricSceneUtils fabricObjectCategory classifies furniture (and defaults to Furniture)","status":"passed","title":"classifies furniture (and defaults to Furniture)","duration":0.22469999999998436,"failureMessages":[],"meta":{},"tags":[]}],"startTime":1782132169798,"endTime":1782132169805.4497,"status":"passed","message":"","name":"E:/16062026/tests/unit/planner-canvas-fabric-fabricSceneUtils.test.ts"}]}