{"numTotalTestSuites":4,"numPassedTestSuites":4,"numFailedTestSuites":0,"numPendingTestSuites":0,"numTotalTests":7,"numPassedTests":7,"numFailedTests":0,"numPendingTests":0,"numTodoTests":0,"snapshot":{"added":0,"failure":false,"filesAdded":0,"filesRemoved":0,"filesRemovedList":[],"filesUnmatched":0,"filesUpdated":0,"matched":0,"total":0,"unchecked":0,"uncheckedKeysByFile":[],"unmatched":0,"updated":0,"didUpdate":false},"startTime":1782183564920,"success":true,"testResults":[{"assertionResults":[{"ancestorTitles":["PlannerWorkspace"],"fullName":"PlannerWorkspace mounts the Fabric workspace shell and handles tool keyboard shortcuts","status":"passed","title":"mounts the Fabric workspace shell and handles tool keyboard shortcuts","duration":1873.958999999999,"failureMessages":[],"meta":{},"tags":[]},{"ancestorTitles":["PlannerWorkspace"],"fullName":"PlannerWorkspace opens templates and export modals from the top bar","status":"passed","title":"opens templates and export modals from the top bar","duration":2246.6454999999987,"failureMessages":[],"meta":{},"tags":[]},{"ancestorTitles":["PlannerWorkspace"],"fullName":"PlannerWorkspace handles catalog drop on the canvas surface","status":"passed","title":"handles catalog drop on the canvas surface","duration":1630.491100000001,"failureMessages":[],"meta":{},"tags":[]},{"ancestorTitles":["PlannerWorkspace"],"fullName":"PlannerWorkspace shows blank canvas guidance and starter actions on an empty canvas","status":"passed","title":"shows blank canvas guidance and starter actions on an empty canvas","duration":935.5763000000006,"failureMessages":[],"meta":{},"tags":[]}],"startTime":1782183576072,"endTime":1782183582758.5764,"status":"passed","message":"","name":"E:/16062026/tests/integration/planner-editor-PlannerWorkspace.test.tsx"},{"assertionResults":[{"ancestorTitles":["sketch-to-plan schemas"],"fullName":"sketch-to-plan schemas accepts a sketch upload request","status":"passed","title":"accepts a sketch upload request","duration":1.995300000000043,"failureMessages":[],"meta":{},"tags":[]},{"ancestorTitles":["sketch-to-plan schemas"],"fullName":"sketch-to-plan schemas accepts an editable plan response","status":"passed","title":"accepts an editable plan response","duration":2.394199999999728,"failureMessages":[],"meta":{},"tags":[]},{"ancestorTitles":["sketch-to-plan schemas"],"fullName":"sketch-to-plan schemas builds a fabric draft from sketch objects","status":"passed","title":"builds a fabric draft from sketch objects","duration":0.7709999999997308,"failureMessages":[],"meta":{},"tags":[]}],"startTime":1782183567330,"endTime":1782183567335.771,"status":"passed","message":"","name":"E:/16062026/tests/unit/planner-ai-sketchToPlan.test.ts"}]}